<?xml version="1.0" encoding="UTF-8"?>
<!-- Generated by org.testng.reporters.JUnitXMLReporter -->
<testsuite ignored="1" hostname="Vishals-Mac-mini.local" failures="0" tests="1" name="Browser_Edge(failed)" time="17.642" errors="0" timestamp="2023-02-15T10:56:18 IST">
  <testcase classname="Test_login.test1" name="verify_log_in" time="6.757"/>
  <testcase classname="Test_login.test1" name="verify_log_in_invalid" time="0.0">
    <ignored/>
  </testcase> <!-- verify_log_in_invalid -->
</testsuite> <!-- Browser_Edge(failed) -->
