<?xml version="1.0" encoding="UTF-8"?>
<testng-results ignored="0" total="4" passed="4" failed="0" skipped="0">
  <reporter-output>
  </reporter-output>
  <suite started-at="2023-02-22T11:26:41 IST" name="Suite" finished-at="2023-02-22T11:28:09 IST" duration-ms="88060">
    <groups>
    </groups>
    <test started-at="2023-02-22T11:26:41 IST" name="Browser" finished-at="2023-02-22T11:27:25 IST" duration-ms="44139">
      <class name="Test_login.test1">
        <test-method is-config="true" signature="bowser_open(java.lang.String)[pri:0, instance:Test_login.test1@2b6faea6]" started-at="2023-02-22T11:26:41 IST" name="bowser_open" finished-at="2023-02-22T11:27:06 IST" duration-ms="24851" status="PASS">
          <params>
            <param index="0">
              <value>
                <![CDATA[chrome]]>
              </value>
            </param>
          </params>
          <reporter-output>
          </reporter-output>
        </test-method> <!-- bowser_open -->
        <test-method signature="verify_log_in()[pri:0, instance:Test_login.test1@2b6faea6]" started-at="2023-02-22T11:27:06 IST" name="verify_log_in" finished-at="2023-02-22T11:27:13 IST" duration-ms="7002" status="PASS">
          <reporter-output>
          </reporter-output>
        </test-method> <!-- verify_log_in -->
        <test-method is-config="true" signature="tear_down_browser()[pri:0, instance:Test_login.test1@2b6faea6]" started-at="2023-02-22T11:27:13 IST" name="tear_down_browser" finished-at="2023-02-22T11:27:13 IST" duration-ms="279" status="PASS">
          <reporter-output>
          </reporter-output>
        </test-method> <!-- tear_down_browser -->
        <test-method is-config="true" signature="bowser_open(java.lang.String)[pri:0, instance:Test_login.test1@2b6faea6]" started-at="2023-02-22T11:27:13 IST" name="bowser_open" finished-at="2023-02-22T11:27:21 IST" duration-ms="8070" status="PASS">
          <params>
            <param index="0">
              <value>
                <![CDATA[chrome]]>
              </value>
            </param>
          </params>
          <reporter-output>
          </reporter-output>
        </test-method> <!-- bowser_open -->
        <test-method signature="verify_log_in_invalid()[pri:0, instance:Test_login.test1@2b6faea6]" started-at="2023-02-22T11:27:21 IST" name="verify_log_in_invalid" finished-at="2023-02-22T11:27:25 IST" duration-ms="3642" status="PASS">
          <reporter-output>
          </reporter-output>
        </test-method> <!-- verify_log_in_invalid -->
        <test-method is-config="true" signature="tear_down_browser()[pri:0, instance:Test_login.test1@2b6faea6]" started-at="2023-02-22T11:27:25 IST" name="tear_down_browser" finished-at="2023-02-22T11:27:25 IST" duration-ms="214" status="PASS">
          <reporter-output>
          </reporter-output>
        </test-method> <!-- tear_down_browser -->
      </class> <!-- Test_login.test1 -->
    </test> <!-- Browser -->
    <test started-at="2023-02-22T11:27:25 IST" name="Browser_Edge" finished-at="2023-02-22T11:28:09 IST" duration-ms="43679">
      <class name="Test_login.test1">
        <test-method is-config="true" signature="bowser_open(java.lang.String)[pri:0, instance:Test_login.test1@6a28ffa4]" started-at="2023-02-22T11:27:25 IST" name="bowser_open" finished-at="2023-02-22T11:27:50 IST" duration-ms="24427" status="PASS">
          <params>
            <param index="0">
              <value>
                <![CDATA[Edge]]>
              </value>
            </param>
          </params>
          <reporter-output>
          </reporter-output>
        </test-method> <!-- bowser_open -->
        <test-method signature="verify_log_in()[pri:0, instance:Test_login.test1@6a28ffa4]" started-at="2023-02-22T11:27:50 IST" name="verify_log_in" finished-at="2023-02-22T11:27:57 IST" duration-ms="6916" status="PASS">
          <reporter-output>
          </reporter-output>
        </test-method> <!-- verify_log_in -->
        <test-method is-config="true" signature="tear_down_browser()[pri:0, instance:Test_login.test1@6a28ffa4]" started-at="2023-02-22T11:27:57 IST" name="tear_down_browser" finished-at="2023-02-22T11:27:57 IST" duration-ms="290" status="PASS">
          <reporter-output>
          </reporter-output>
        </test-method> <!-- tear_down_browser -->
        <test-method is-config="true" signature="bowser_open(java.lang.String)[pri:0, instance:Test_login.test1@6a28ffa4]" started-at="2023-02-22T11:27:57 IST" name="bowser_open" finished-at="2023-02-22T11:28:05 IST" duration-ms="8041" status="PASS">
          <params>
            <param index="0">
              <value>
                <![CDATA[Edge]]>
              </value>
            </param>
          </params>
          <reporter-output>
          </reporter-output>
        </test-method> <!-- bowser_open -->
        <test-method signature="verify_log_in_invalid()[pri:0, instance:Test_login.test1@6a28ffa4]" started-at="2023-02-22T11:28:05 IST" name="verify_log_in_invalid" finished-at="2023-02-22T11:28:09 IST" duration-ms="3742" status="PASS">
          <reporter-output>
          </reporter-output>
        </test-method> <!-- verify_log_in_invalid -->
        <test-method is-config="true" signature="tear_down_browser()[pri:0, instance:Test_login.test1@6a28ffa4]" started-at="2023-02-22T11:28:09 IST" name="tear_down_browser" finished-at="2023-02-22T11:28:09 IST" duration-ms="255" status="PASS">
          <reporter-output>
          </reporter-output>
        </test-method> <!-- tear_down_browser -->
      </class> <!-- Test_login.test1 -->
    </test> <!-- Browser_Edge -->
  </suite> <!-- Suite -->
</testng-results>
